<?xml version="1.0" encoding="UTF-8"?>
<testng-results skipped="0" failed="1" ignored="2" total="5" passed="2">
  <reporter-output>
  </reporter-output>
  <suite name="Command line suite" duration-ms="28981" started-at="2022-07-07T13:47:55 WAT" finished-at="2022-07-07T13:48:24 WAT">
    <groups>
    </groups>
    <test name="Command line test" duration-ms="28981" started-at="2022-07-07T13:47:55 WAT" finished-at="2022-07-07T13:48:24 WAT">
      <class name="TestBase">
        <test-method status="PASS" signature="beforeSuite()[pri:0, instance:TestBase@15d0c81b]" name="beforeSuite" is-config="true" duration-ms="6693" started-at="2022-07-07T13:47:48 WAT" finished-at="2022-07-07T13:47:55 WAT">
          <reporter-output>
          </reporter-output>
        </test-method> <!-- beforeSuite -->
      </class> <!-- TestBase -->
      <class name="TestUsers">
        <test-method status="FAIL" signature="createSuccesful()[pri:0, instance:TestUsers@305fd85d]" name="createSuccesful" duration-ms="8084" started-at="2022-07-07T13:48:16 WAT" finished-at="2022-07-07T13:48:24 WAT">
          <exception class="org.openqa.selenium.ElementClickInterceptedException">
            <message>
              <![CDATA[element click intercepted: Element <button class="MuiButtonBase-root MuiButton-root MuiButton-text jss30 jss31" tabindex="0" type="submit" margintop="30px" width="30%" height="40">...</button> is not clickable at point (420, 583). Other element would receive the click: <html lang="en">...</html>
  (Session info: chrome=103.0.5060.53)
Build info: version: '4.1.1', revision: 'e8fcc2cecf'
System info: host: 'OCT-JULIEN', ip: '10.0.2.100', os.name: 'Windows 10', os.arch: 'amd64', os.version: '10.0', java.version: '1.8.0_221'
Driver info: org.openqa.selenium.chrome.ChromeDriver
Command: [ad3b1323bc296f2ad246b83cd97b3f40, clickElement {id=18b37fba-1069-4213-8f9a-8c0c836e53d1}]
Capabilities {acceptInsecureCerts: false, browserName: chrome, browserVersion: 103.0.5060.53, chrome: {chromedriverVersion: 103.0.5060.53 (a1711811edd7..., userDataDir: C:\WINDOWS\TEMP\scoped_dir2...}, goog:chromeOptions: {debuggerAddress: localhost:49289}, javascriptEnabled: true, networkConnectionEnabled: false, pageLoadStrategy: normal, platform: WINDOWS, platformName: WINDOWS, proxy: Proxy(), se:cdp: ws://localhost:49289/devtoo..., se:cdpVersion: 103.0.5060.53, setWindowRect: true, strictFileInteractability: false, timeouts: {implicit: 0, pageLoad: 300000, script: 30000}, unhandledPromptBehavior: dismiss and notify, webauthn:extension:credBlob: true, webauthn:extension:largeBlob: true, webauthn:virtualAuthenticators: true}
Element: [[ChromeDriver: chrome on WINDOWS (ad3b1323bc296f2ad246b83cd97b3f40)] -> xpath: //button[contains(@class,'MuiButton-root MuiButton-text jss') and @type='submit']]
Session ID: ad3b1323bc296f2ad246b83cd97b3f40]]>
            </message>
            <full-stacktrace>
              <![CDATA[org.openqa.selenium.ElementClickInterceptedException: element click intercepted: Element <button class="MuiButtonBase-root MuiButton-root MuiButton-text jss30 jss31" tabindex="0" type="submit" margintop="30px" width="30%" height="40">...</button> is not clickable at point (420, 583). Other element would receive the click: <html lang="en">...</html>
  (Session info: chrome=103.0.5060.53)
Build info: version: '4.1.1', revision: 'e8fcc2cecf'
System info: host: 'OCT-JULIEN', ip: '10.0.2.100', os.name: 'Windows 10', os.arch: 'amd64', os.version: '10.0', java.version: '1.8.0_221'
Driver info: org.openqa.selenium.chrome.ChromeDriver
Command: [ad3b1323bc296f2ad246b83cd97b3f40, clickElement {id=18b37fba-1069-4213-8f9a-8c0c836e53d1}]
Capabilities {acceptInsecureCerts: false, browserName: chrome, browserVersion: 103.0.5060.53, chrome: {chromedriverVersion: 103.0.5060.53 (a1711811edd7..., userDataDir: C:\WINDOWS\TEMP\scoped_dir2...}, goog:chromeOptions: {debuggerAddress: localhost:49289}, javascriptEnabled: true, networkConnectionEnabled: false, pageLoadStrategy: normal, platform: WINDOWS, platformName: WINDOWS, proxy: Proxy(), se:cdp: ws://localhost:49289/devtoo..., se:cdpVersion: 103.0.5060.53, setWindowRect: true, strictFileInteractability: false, timeouts: {implicit: 0, pageLoad: 300000, script: 30000}, unhandledPromptBehavior: dismiss and notify, webauthn:extension:credBlob: true, webauthn:extension:largeBlob: true, webauthn:virtualAuthenticators: true}
Element: [[ChromeDriver: chrome on WINDOWS (ad3b1323bc296f2ad246b83cd97b3f40)] -> xpath: //button[contains(@class,'MuiButton-root MuiButton-text jss') and @type='submit']]
Session ID: ad3b1323bc296f2ad246b83cd97b3f40
at sun.reflect.NativeConstructorAccessorImpl.newInstance0(Native Method)
at sun.reflect.NativeConstructorAccessorImpl.newInstance(NativeConstructorAccessorImpl.java:62)
at sun.reflect.DelegatingConstructorAccessorImpl.newInstance(DelegatingConstructorAccessorImpl.java:45)
at java.lang.reflect.Constructor.newInstance(Constructor.java:423)
at org.openqa.selenium.remote.codec.w3c.W3CHttpResponseCodec.createException(W3CHttpResponseCodec.java:200)
at org.openqa.selenium.remote.codec.w3c.W3CHttpResponseCodec.decode(W3CHttpResponseCodec.java:133)
at org.openqa.selenium.remote.codec.w3c.W3CHttpResponseCodec.decode(W3CHttpResponseCodec.java:53)
at org.openqa.selenium.remote.HttpCommandExecutor.execute(HttpCommandExecutor.java:184)
at org.openqa.selenium.remote.service.DriverCommandExecutor.invokeExecute(DriverCommandExecutor.java:167)
at org.openqa.selenium.remote.service.DriverCommandExecutor.execute(DriverCommandExecutor.java:142)
at org.openqa.selenium.remote.RemoteWebDriver.execute(RemoteWebDriver.java:543)
at org.openqa.selenium.remote.RemoteWebElement.execute(RemoteWebElement.java:251)
at org.openqa.selenium.remote.RemoteWebElement.click(RemoteWebElement.java:77)
at TestUsers.createUsers(TestUsers.java:54)
at TestUsers.createSuccesful(TestUsers.java:65)
at sun.reflect.NativeMethodAccessorImpl.invoke0(Native Method)
at sun.reflect.NativeMethodAccessorImpl.invoke(NativeMethodAccessorImpl.java:62)
at sun.reflect.DelegatingMethodAccessorImpl.invoke(DelegatingMethodAccessorImpl.java:43)
at java.lang.reflect.Method.invoke(Method.java:498)
at org.testng.internal.invokers.MethodInvocationHelper.invokeMethod(MethodInvocationHelper.java:135)
at org.testng.internal.invokers.TestInvoker.invokeMethod(TestInvoker.java:673)
at org.testng.internal.invokers.TestInvoker.invokeTestMethod(TestInvoker.java:220)
at org.testng.internal.invokers.MethodRunner.runInSequence(MethodRunner.java:50)
at org.testng.internal.invokers.TestInvoker$MethodInvocationAgent.invoke(TestInvoker.java:945)
at org.testng.internal.invokers.TestInvoker.invokeTestMethods(TestInvoker.java:193)
at org.testng.internal.invokers.TestMethodWorker.invokeTestMethods(TestMethodWorker.java:146)
at org.testng.internal.invokers.TestMethodWorker.run(TestMethodWorker.java:128)
at java.util.ArrayList.forEach(ArrayList.java:1257)
at org.testng.TestRunner.privateRun(TestRunner.java:808)
at org.testng.TestRunner.run(TestRunner.java:603)
at org.testng.SuiteRunner.runTest(SuiteRunner.java:429)
at org.testng.SuiteRunner.runSequentially(SuiteRunner.java:423)
at org.testng.SuiteRunner.privateRun(SuiteRunner.java:383)
at org.testng.SuiteRunner.run(SuiteRunner.java:326)
at org.testng.SuiteRunnerWorker.runSuite(SuiteRunnerWorker.java:52)
at org.testng.SuiteRunnerWorker.run(SuiteRunnerWorker.java:95)
at org.testng.TestNG.runSuitesSequentially(TestNG.java:1249)
at org.testng.TestNG.runSuitesLocally(TestNG.java:1169)
at org.testng.TestNG.runSuites(TestNG.java:1092)
at org.testng.TestNG.run(TestNG.java:1060)
at org.apache.maven.surefire.testng.TestNGExecutor.run(TestNGExecutor.java:77)
at org.apache.maven.surefire.testng.TestNGDirectoryTestSuite.executeMulti(TestNGDirectoryTestSuite.java:159)
at org.apache.maven.surefire.testng.TestNGDirectoryTestSuite.execute(TestNGDirectoryTestSuite.java:99)
at org.apache.maven.surefire.testng.TestNGProvider.invoke(TestNGProvider.java:106)
at sun.reflect.NativeMethodAccessorImpl.invoke0(Native Method)
at sun.reflect.NativeMethodAccessorImpl.invoke(NativeMethodAccessorImpl.java:62)
at sun.reflect.DelegatingMethodAccessorImpl.invoke(DelegatingMethodAccessorImpl.java:43)
at java.lang.reflect.Method.invoke(Method.java:498)
at org.apache.maven.surefire.util.ReflectionUtils.invokeMethodWithArray(ReflectionUtils.java:189)
at org.apache.maven.surefire.booter.ProviderFactory$ProviderProxy.invoke(ProviderFactory.java:165)
at org.apache.maven.surefire.booter.ProviderFactory.invokeProvider(ProviderFactory.java:85)
at org.apache.maven.surefire.booter.ForkedBooter.runSuitesInProcess(ForkedBooter.java:115)
at org.apache.maven.surefire.booter.ForkedBooter.main(ForkedBooter.java:75)
]]>
            </full-stacktrace>
          </exception> <!-- org.openqa.selenium.ElementClickInterceptedException -->
          <reporter-output>
          </reporter-output>
        </test-method> <!-- createSuccesful -->
        <test-method status="PASS" signature="afterMethod(org.testng.ITestResult)[pri:0, instance:TestUsers@305fd85d]" name="afterMethod" is-config="true" duration-ms="76" started-at="2022-07-07T13:48:24 WAT" finished-at="2022-07-07T13:48:24 WAT">
          <params>
            <param index="0">
              <value>
                <![CDATA[[TestResult name=createSuccesful status=FAILURE method=TestUsers.createSuccesful()[pri:0, instance:TestUsers@305fd85d] output={null}]]]>
              </value>
            </param>
          </params>
          <reporter-output>
          </reporter-output>
        </test-method> <!-- afterMethod -->
        <test-method status="PASS" signature="afterClass()[pri:0, instance:TestUsers@305fd85d]" name="afterClass" is-config="true" duration-ms="0" started-at="2022-07-07T13:48:24 WAT" finished-at="2022-07-07T13:48:24 WAT">
          <reporter-output>
          </reporter-output>
        </test-method> <!-- afterClass -->
      </class> <!-- TestUsers -->
      <class name="TestLogin">
        <test-method status="PASS" signature="NegativeTests()[pri:0, instance:TestLogin@1877ab81]" name="NegativeTests" duration-ms="16937" started-at="2022-07-07T13:47:55 WAT" finished-at="2022-07-07T13:48:12 WAT">
          <reporter-output>
          </reporter-output>
        </test-method> <!-- NegativeTests -->
        <test-method status="PASS" signature="afterMethod(org.testng.ITestResult)[pri:0, instance:TestLogin@1877ab81]" name="afterMethod" is-config="true" duration-ms="132" started-at="2022-07-07T13:48:12 WAT" finished-at="2022-07-07T13:48:12 WAT">
          <params>
            <param index="0">
              <value>
                <![CDATA[[TestResult name=NegativeTests status=SUCCESS method=TestLogin.NegativeTests()[pri:0, instance:TestLogin@1877ab81] output={null}]]]>
              </value>
            </param>
          </params>
          <reporter-output>
          </reporter-output>
        </test-method> <!-- afterMethod -->
        <test-method status="PASS" signature="ValidEmailAndPassword()[pri:0, instance:TestLogin@1877ab81]" name="ValidEmailAndPassword" duration-ms="3610" started-at="2022-07-07T13:48:12 WAT" finished-at="2022-07-07T13:48:15 WAT">
          <reporter-output>
          </reporter-output>
        </test-method> <!-- ValidEmailAndPassword -->
        <test-method status="PASS" signature="afterMethod(org.testng.ITestResult)[pri:0, instance:TestLogin@1877ab81]" name="afterMethod" is-config="true" duration-ms="110" started-at="2022-07-07T13:48:15 WAT" finished-at="2022-07-07T13:48:16 WAT">
          <params>
            <param index="0">
              <value>
                <![CDATA[[TestResult name=ValidEmailAndPassword status=SUCCESS method=TestLogin.ValidEmailAndPassword()[pri:0, instance:TestLogin@1877ab81] output={null}]]]>
              </value>
            </param>
          </params>
          <reporter-output>
          </reporter-output>
        </test-method> <!-- afterMethod -->
        <test-method status="PASS" signature="afterClass()[pri:0, instance:TestLogin@1877ab81]" name="afterClass" is-config="true" duration-ms="0" started-at="2022-07-07T13:48:16 WAT" finished-at="2022-07-07T13:48:16 WAT">
          <reporter-output>
          </reporter-output>
        </test-method> <!-- afterClass -->
      </class> <!-- TestLogin -->
    </test> <!-- Command line test -->
  </suite> <!-- Command line suite -->
</testng-results>
